2025-03-05 14:53:03 [main] INFO  org.example.locator.LocalizerServer - Servidor Localizador rodando na porta: 15551
2025-03-05 14:53:03 [main] INFO  org.example.locator.LocalizerServer - Servidor Aguardando conexão de um Cliente...
2025-03-05 14:53:16 [main] INFO  org.example.server.Server - Servidor Principal rodando na porta: 15553
2025-03-05 14:53:16 [main] INFO  org.example.server.Server - Digite 'stop' a qualquer momento para encerrar o Servidor ServerMain
2025-03-05 14:53:16 [main] INFO  org.example.server.Server - Servidor Principal Aguardando conexão de um Cliente...
2025-03-05 14:53:28 [main] INFO  org.example.serverproxy.Proxy - Servidor Proxy rodando na porta: 15552
2025-03-05 14:53:28 [main] INFO  org.example.serverproxy.Proxy - Digite 'stop' a qualquer momento para encerrar o Servidor Proxy
2025-03-05 14:53:28 [main] INFO  org.example.serverproxy.Proxy - Servidor Proxy Aguardando conexão de um Cliente...
2025-03-05 14:53:34 [main] INFO  org.example.locator.LocalizerServer - Servidor Aguardando conexão de um Cliente...
2025-03-05 14:53:34 [Thread-1] INFO  o.e.u.c.AbstractSocketConnection - Localizador conectado a 127.0.0.1:50069
2025-03-05 14:53:34 [Thread-1] INFO  o.e.u.common.AbstractMessageHandler - O Localizador abriu o Fluxo de Dados com sucesso!
2025-03-05 14:53:34 [main] INFO  o.e.u.c.AbstractSocketConnection - Client 1 conectado a localhost:15551
2025-03-05 14:53:34 [main] INFO  o.e.u.common.AbstractMessageHandler - O Client 1 abriu o Fluxo de Dados com sucesso!
2025-03-05 14:53:34 [Thread-1] INFO  o.e.u.common.AbstractMessageHandler - Localizador recebeu uma mensagem texto: GET_PROXY
2025-03-05 14:53:34 [main] INFO  o.e.u.common.AbstractMessageHandler - Client 1 enviou uma mensagem texto: GET_PROXY
2025-03-05 14:53:34 [Thread-1] INFO  o.e.u.common.AbstractMessageHandler - Localizador enviou uma mensagem json: {"host":"localhost","port":15552}
2025-03-05 14:53:34 [main] INFO  o.e.u.common.AbstractMessageHandler - Client 1 recebeu uma mensagem json: {"host":"localhost","port":15552}
2025-03-05 14:53:34 [Thread-1] INFO  o.e.u.common.AbstractMessageHandler - O Localizador fechou o Fluxo de Dados com sucesso!
2025-03-05 14:53:34 [main] INFO  o.e.u.common.AbstractMessageHandler - O Client 1 fechou o Fluxo de Dados com sucesso!
2025-03-05 14:55:32 [main] INFO  o.e.u.c.AbstractSocketConnection - Client 1 conectado a localhost:15552
2025-03-05 14:55:32 [main] INFO  org.example.serverproxy.Proxy - Servidor Proxy Aguardando conexão de um Cliente...
2025-03-05 14:55:32 [Thread-1] INFO  o.e.u.c.AbstractSocketConnection - Proxy - Cliente conectado a 127.0.0.1:50080
2025-03-05 14:55:32 [main] INFO  o.e.u.common.AbstractMessageHandler - O Client 1 abriu o Fluxo de Dados com sucesso!
2025-03-05 14:55:32 [Thread-1] INFO  o.e.u.common.AbstractMessageHandler - O Proxy - Cliente abriu o Fluxo de Dados com sucesso!
2025-03-05 14:55:32 [main] INFO  o.e.u.common.AbstractMessageHandler - Client 1 recebeu uma mensagem texto: ["AUTHENTICATE","DISCONECT"]
2025-03-05 14:55:32 [Thread-1] INFO  o.e.u.common.AbstractMessageHandler - Proxy - Cliente enviou uma mensagem json: ["AUTHENTICATE","DISCONECT"]
2025-03-05 14:55:36 [main] INFO  o.e.u.common.AbstractMessageHandler - Client 1 enviou uma mensagem json: "AUTHENTICATE"
2025-03-05 14:55:36 [Thread-1] INFO  o.e.u.common.AbstractMessageHandler - Proxy - Cliente recebeu uma mensagem json: "AUTHENTICATE"
2025-03-05 14:55:40 [main] INFO  o.e.u.common.AbstractMessageHandler - Client 1 enviou uma mensagem json: {"login":"","password":"breno klywer"}
2025-03-05 14:55:40 [Thread-1] INFO  o.e.u.common.AbstractMessageHandler - Proxy - Cliente recebeu uma mensagem json: {"login":"","password":"breno klywer"}
2025-03-05 14:55:40 [main] INFO  o.e.u.common.AbstractMessageHandler - Client 1 recebeu uma mensagem json: "INVALID"
2025-03-05 14:55:40 [Thread-1] INFO  o.e.u.common.AbstractMessageHandler - Proxy - Cliente enviou uma mensagem json: "INVALID"
2025-03-05 14:55:40 [main] ERROR org.example.client.Client - 
Credentials inválidas! Tente novamente.
2025-03-05 14:55:51 [main] INFO  o.e.u.common.AbstractMessageHandler - Client 1 enviou uma mensagem json: {"login":"breno klywer","password":"senha123"}
2025-03-05 14:55:51 [Thread-1] INFO  o.e.u.common.AbstractMessageHandler - Proxy - Cliente recebeu uma mensagem json: {"login":"breno klywer","password":"senha123"}
2025-03-05 14:55:51 [Thread-1] INFO  o.e.u.common.AbstractMessageHandler - Proxy - Cliente enviou uma mensagem json: "INVALID"
2025-03-05 14:55:51 [main] INFO  o.e.u.common.AbstractMessageHandler - Client 1 recebeu uma mensagem json: "INVALID"
2025-03-05 14:55:51 [main] ERROR org.example.client.Client - 
Credentials inválidas! Tente novamente.
2025-03-05 14:56:04 [main] INFO  o.e.u.common.AbstractMessageHandler - Client 1 enviou uma mensagem json: {"login":"breno klywer","password":"senha123"}
2025-03-05 14:56:04 [Thread-1] INFO  o.e.u.common.AbstractMessageHandler - Proxy - Cliente recebeu uma mensagem json: {"login":"breno klywer","password":"senha123"}
2025-03-05 14:56:04 [Thread-1] INFO  o.e.u.common.AbstractMessageHandler - Proxy - Cliente enviou uma mensagem json: "INVALID"
2025-03-05 14:56:04 [main] INFO  o.e.u.common.AbstractMessageHandler - Client 1 recebeu uma mensagem json: "INVALID"
2025-03-05 14:56:04 [Thread-1] WARN  org.example.serverproxy.Proxy - Número máximo de tentativas de autenticação excedido!
2025-03-05 14:56:04 [main] ERROR org.example.client.Client - 
Credentials inválidas! Tente novamente.
2025-03-05 14:56:04 [Thread-1] INFO  o.e.u.common.AbstractMessageHandler - Proxy - Cliente enviou uma mensagem json: "ERROR"
2025-03-05 14:56:04 [Thread-1] INFO  o.e.u.common.AbstractMessageHandler - O Proxy - Cliente fechou o Fluxo de Dados com sucesso!
2025-03-05 14:56:04 [Thread-1] ERROR o.e.u.common.AbstractMessageHandler - O buffer de entrada está nulo. Fluxo de Dados não aberto.
2025-03-05 14:56:04 [Thread-1] ERROR org.example.serverproxy.Proxy - Erro ao tentar intermediar a comunicação entre o Cliente e o Servidor Principal: null
2025-03-05 14:59:38 [main] INFO  org.example.serverproxy.Proxy - Servidor Proxy rodando na porta: 15552
2025-03-05 14:59:38 [main] INFO  org.example.serverproxy.Proxy - Digite 'stop' a qualquer momento para encerrar o Servidor Proxy
2025-03-05 14:59:38 [main] INFO  org.example.serverproxy.Proxy - Servidor Proxy Aguardando conexão de um Cliente...
2025-03-05 15:00:56 [main] INFO  org.example.serverproxy.Proxy - Servidor Proxy rodando na porta: 15552
2025-03-05 15:00:56 [main] INFO  org.example.serverproxy.Proxy - Digite 'stop' a qualquer momento para encerrar o Servidor Proxy
2025-03-05 15:00:56 [main] INFO  org.example.serverproxy.Proxy - Servidor Proxy Aguardando conexão de um Cliente...
2025-03-05 15:00:58 [main] INFO  org.example.server.Server - Servidor Principal rodando na porta: 15553
2025-03-05 15:00:58 [main] INFO  org.example.server.Server - Digite 'stop' a qualquer momento para encerrar o Servidor ServerMain
2025-03-05 15:00:58 [main] INFO  org.example.server.Server - Servidor Principal Aguardando conexão de um Cliente...
2025-03-05 15:01:03 [main] INFO  org.example.locator.LocalizerServer - Servidor Localizador rodando na porta: 15551
2025-03-05 15:01:03 [main] INFO  org.example.locator.LocalizerServer - Servidor Aguardando conexão de um Cliente...
2025-03-05 15:01:21 [main] INFO  org.example.locator.LocalizerServer - Servidor Aguardando conexão de um Cliente...
2025-03-05 15:01:21 [Thread-1] INFO  o.e.u.c.AbstractSocketConnection - Localizador conectado a 127.0.0.1:50135
2025-03-05 15:01:21 [Thread-1] INFO  o.e.u.common.AbstractMessageHandler - O Localizador abriu o Fluxo de Dados com sucesso!
2025-03-05 15:01:21 [main] INFO  o.e.u.c.AbstractSocketConnection - Client 1 conectado a localhost:15551
2025-03-05 15:01:21 [main] INFO  o.e.u.common.AbstractMessageHandler - O Client 1 abriu o Fluxo de Dados com sucesso!
2025-03-05 15:01:21 [main] INFO  o.e.u.common.AbstractMessageHandler - Client 1 enviou uma mensagem texto: GET_PROXY
2025-03-05 15:01:21 [Thread-1] INFO  o.e.u.common.AbstractMessageHandler - Localizador recebeu uma mensagem texto: GET_PROXY
2025-03-05 15:01:21 [Thread-1] INFO  o.e.u.common.AbstractMessageHandler - Localizador enviou uma mensagem json: {"host":"localhost","port":15552}
2025-03-05 15:01:21 [main] INFO  o.e.u.common.AbstractMessageHandler - Client 1 recebeu uma mensagem json: {"host":"localhost","port":15552}
2025-03-05 15:01:21 [Thread-1] INFO  o.e.u.common.AbstractMessageHandler - O Localizador fechou o Fluxo de Dados com sucesso!
2025-03-05 15:01:21 [main] INFO  o.e.u.common.AbstractMessageHandler - O Client 1 fechou o Fluxo de Dados com sucesso!
2025-03-05 15:01:22 [main] INFO  o.e.u.c.AbstractSocketConnection - Client 1 conectado a localhost:15552
2025-03-05 15:01:22 [main] INFO  o.e.u.common.AbstractMessageHandler - O Client 1 abriu o Fluxo de Dados com sucesso!
2025-03-05 15:01:22 [main] INFO  org.example.serverproxy.Proxy - Servidor Proxy Aguardando conexão de um Cliente...
2025-03-05 15:01:22 [Thread-1] INFO  o.e.u.c.AbstractSocketConnection - Proxy - Cliente conectado a 127.0.0.1:50136
2025-03-05 15:01:22 [Thread-1] INFO  o.e.u.common.AbstractMessageHandler - O Proxy - Cliente abriu o Fluxo de Dados com sucesso!
2025-03-05 15:01:22 [main] INFO  o.e.u.common.AbstractMessageHandler - Client 1 recebeu uma mensagem texto: ["AUTHENTICATE","DISCONECT"]
2025-03-05 15:01:22 [Thread-1] INFO  o.e.u.common.AbstractMessageHandler - Proxy - Cliente enviou uma mensagem json: ["AUTHENTICATE","DISCONECT"]
2025-03-05 15:01:25 [main] INFO  o.e.u.common.AbstractMessageHandler - Client 1 enviou uma mensagem json: "AUTHENTICATE"
2025-03-05 15:01:25 [Thread-1] INFO  o.e.u.common.AbstractMessageHandler - Proxy - Cliente recebeu uma mensagem json: "AUTHENTICATE"
2025-03-05 15:01:31 [main] INFO  o.e.u.common.AbstractMessageHandler - Client 1 enviou uma mensagem json: {"login":"breno klywer","password":"senha123"}
2025-03-05 15:01:31 [Thread-1] INFO  o.e.u.common.AbstractMessageHandler - Proxy - Cliente recebeu uma mensagem json: {"login":"breno klywer","password":"senha123"}
2025-03-05 15:01:31 [Thread-1] INFO  o.e.u.common.AbstractMessageHandler - Proxy - Cliente enviou uma mensagem json: "INVALID"
2025-03-05 15:01:31 [main] INFO  o.e.u.common.AbstractMessageHandler - Client 1 recebeu uma mensagem json: "INVALID"
2025-03-05 15:01:31 [main] ERROR org.example.client.Client - 
Credentials inválidas! Tente novamente.
2025-03-05 15:02:14 [main] INFO  org.example.locator.LocalizerServer - Servidor Localizador rodando na porta: 15551
2025-03-05 15:02:14 [main] INFO  org.example.locator.LocalizerServer - Servidor Aguardando conexão de um Cliente...
2025-03-05 15:02:18 [main] INFO  org.example.server.Server - Servidor Principal rodando na porta: 15553
2025-03-05 15:02:18 [main] INFO  org.example.server.Server - Digite 'stop' a qualquer momento para encerrar o Servidor ServerMain
2025-03-05 15:02:18 [main] INFO  org.example.server.Server - Servidor Principal Aguardando conexão de um Cliente...
2025-03-05 15:02:21 [main] INFO  org.example.serverproxy.Proxy - Servidor Proxy rodando na porta: 15552
2025-03-05 15:02:21 [main] INFO  org.example.serverproxy.Proxy - Digite 'stop' a qualquer momento para encerrar o Servidor Proxy
2025-03-05 15:02:21 [main] INFO  org.example.serverproxy.Proxy - Servidor Proxy Aguardando conexão de um Cliente...
2025-03-05 15:02:24 [main] INFO  org.example.locator.LocalizerServer - Servidor Aguardando conexão de um Cliente...
2025-03-05 15:02:24 [Thread-1] INFO  o.e.u.c.AbstractSocketConnection - Localizador conectado a 127.0.0.1:50156
2025-03-05 15:02:24 [Thread-1] INFO  o.e.u.common.AbstractMessageHandler - O Localizador abriu o Fluxo de Dados com sucesso!
2025-03-05 15:02:24 [main] INFO  o.e.u.c.AbstractSocketConnection - Client 1 conectado a localhost:15551
2025-03-05 15:02:24 [main] INFO  o.e.u.common.AbstractMessageHandler - O Client 1 abriu o Fluxo de Dados com sucesso!
2025-03-05 15:02:24 [main] INFO  o.e.u.common.AbstractMessageHandler - Client 1 enviou uma mensagem texto: GET_PROXY
2025-03-05 15:02:24 [Thread-1] INFO  o.e.u.common.AbstractMessageHandler - Localizador recebeu uma mensagem texto: GET_PROXY
2025-03-05 15:02:24 [Thread-1] INFO  o.e.u.common.AbstractMessageHandler - Localizador enviou uma mensagem json: {"host":"localhost","port":15552}
2025-03-05 15:02:24 [main] INFO  o.e.u.common.AbstractMessageHandler - Client 1 recebeu uma mensagem json: {"host":"localhost","port":15552}
2025-03-05 15:02:24 [Thread-1] INFO  o.e.u.common.AbstractMessageHandler - O Localizador fechou o Fluxo de Dados com sucesso!
2025-03-05 15:02:24 [main] INFO  o.e.u.common.AbstractMessageHandler - O Client 1 fechou o Fluxo de Dados com sucesso!
2025-03-05 15:02:26 [main] INFO  org.example.serverproxy.Proxy - Servidor Proxy Aguardando conexão de um Cliente...
2025-03-05 15:02:26 [main] INFO  o.e.u.c.AbstractSocketConnection - Client 1 conectado a localhost:15552
2025-03-05 15:02:26 [main] INFO  o.e.u.common.AbstractMessageHandler - O Client 1 abriu o Fluxo de Dados com sucesso!
2025-03-05 15:02:26 [Thread-1] INFO  o.e.u.c.AbstractSocketConnection - Proxy - Cliente conectado a 127.0.0.1:50157
2025-03-05 15:02:26 [Thread-1] INFO  o.e.u.common.AbstractMessageHandler - O Proxy - Cliente abriu o Fluxo de Dados com sucesso!
2025-03-05 15:02:26 [Thread-1] INFO  o.e.u.common.AbstractMessageHandler - Proxy - Cliente enviou uma mensagem json: ["AUTHENTICATE","DISCONECT"]
2025-03-05 15:02:26 [main] INFO  o.e.u.common.AbstractMessageHandler - Client 1 recebeu uma mensagem texto: ["AUTHENTICATE","DISCONECT"]
2025-03-05 15:02:28 [main] INFO  o.e.u.common.AbstractMessageHandler - Client 1 enviou uma mensagem json: "AUTHENTICATE"
2025-03-05 15:02:28 [Thread-1] INFO  o.e.u.common.AbstractMessageHandler - Proxy - Cliente recebeu uma mensagem json: "AUTHENTICATE"
2025-03-05 15:02:37 [main] INFO  o.e.u.common.AbstractMessageHandler - Client 1 enviou uma mensagem json: {"login":"breno klywer","password":"senha123"}
2025-03-05 15:02:37 [Thread-1] INFO  o.e.u.common.AbstractMessageHandler - Proxy - Cliente recebeu uma mensagem json: {"login":"breno klywer","password":"senha123"}
2025-03-05 15:02:37 [Thread-1] INFO  o.e.u.common.AbstractMessageHandler - Proxy - Cliente enviou uma mensagem json: "SUCCESS"
2025-03-05 15:02:37 [main] INFO  o.e.u.common.AbstractMessageHandler - Client 1 recebeu uma mensagem json: "SUCCESS"
2025-03-05 15:02:37 [main] INFO  org.example.client.Client - Cliente autenticado com sucesso!
2025-03-05 15:02:37 [Thread-1] INFO  o.e.u.c.AbstractSocketConnection - Proxy - Servidor conectado a localhost:15553
2025-03-05 15:02:37 [Thread-1] INFO  o.e.u.common.AbstractMessageHandler - O Proxy - Servidor abriu o Fluxo de Dados com sucesso!
2025-03-05 15:02:37 [main] INFO  org.example.server.Server - Servidor Principal Aguardando conexão de um Cliente...
2025-03-05 15:02:37 [Thread-1] INFO  o.e.u.c.AbstractSocketConnection - Servidor Principal conectado a 127.0.0.1:50159
2025-03-05 15:02:37 [Thread-1] INFO  o.e.u.common.AbstractMessageHandler - O Servidor Principal abriu o Fluxo de Dados com sucesso!
2025-03-05 15:02:37 [Thread-1] INFO  o.e.u.common.AbstractMessageHandler - Servidor Principal enviou uma mensagem json: ["SEARCH","REGISTER","LIST","UPDATE","REMOVE","QUANTITY","DISCONECT"]
2025-03-05 15:02:37 [Thread-1] INFO  o.e.u.common.AbstractMessageHandler - Proxy - Servidor recebeu uma mensagem texto: ["SEARCH","REGISTER","LIST","UPDATE","REMOVE","QUANTITY","DISCONECT"]
2025-03-05 15:02:37 [Thread-1] INFO  o.e.u.common.AbstractMessageHandler - Proxy - Cliente enviou uma mensagem json: ["SEARCH","REGISTER","LIST","UPDATE","REMOVE","QUANTITY","DISCONECT"]
2025-03-05 15:02:37 [main] INFO  o.e.u.common.AbstractMessageHandler - Client 1 recebeu uma mensagem texto: ["SEARCH","REGISTER","LIST","UPDATE","REMOVE","QUANTITY","DISCONECT"]
2025-03-05 15:02:46 [main] INFO  o.e.u.common.AbstractMessageHandler - Client 1 enviou uma mensagem json: "SEARCH"
2025-03-05 15:02:46 [Thread-1] INFO  o.e.u.common.AbstractMessageHandler - Proxy - Cliente recebeu uma mensagem json: "SEARCH"
2025-03-05 15:02:48 [main] INFO  o.e.u.common.AbstractMessageHandler - Client 1 enviou uma mensagem json: {"code":0,"name":null,"description":null,"requestTime":null}
2025-03-05 15:02:48 [Thread-1] INFO  o.e.u.common.AbstractMessageHandler - Proxy - Cliente recebeu uma mensagem json: {"code":0,"name":null,"description":null,"requestTime":null}
2025-03-05 15:02:48 [Thread-1] INFO  org.example.utils.common.Cache - OrderService não encontrado na cache MISS: 1
2025-03-05 15:02:48 [Thread-1] INFO  o.e.u.common.AbstractMessageHandler - Proxy - Servidor enviou uma mensagem json: "SEARCH"
2025-03-05 15:02:48 [Thread-1] INFO  o.e.u.common.AbstractMessageHandler - Servidor Principal recebeu uma mensagem json: "SEARCH"
2025-03-05 15:02:48 [Thread-1] INFO  o.e.u.common.AbstractMessageHandler - Proxy - Servidor enviou uma mensagem json: {"code":0,"name":null,"description":null,"requestTime":null}
2025-03-05 15:02:48 [Thread-1] INFO  o.e.u.common.AbstractMessageHandler - Servidor Principal recebeu uma mensagem json: {"code":0,"name":null,"description":null,"requestTime":null}
2025-03-05 15:02:48 [Thread-1] WARN  org.example.server.Server - Os dados não foram encontrados na base de dados!
2025-03-05 15:02:48 [Thread-1] INFO  o.e.u.common.AbstractMessageHandler - Servidor Principal enviou uma mensagem json: {"code":0,"name":null,"description":null,"requestTime":null}
2025-03-05 15:02:48 [Thread-1] INFO  o.e.u.common.AbstractMessageHandler - Proxy - Servidor recebeu uma mensagem json: {"code":0,"name":null,"description":null,"requestTime":null}
2025-03-05 15:02:48 [Thread-1] INFO  o.e.u.common.AbstractMessageHandler - Proxy - Cliente enviou uma mensagem json: {"code":0,"name":null,"description":null,"requestTime":null}
2025-03-05 15:02:48 [main] INFO  o.e.u.common.AbstractMessageHandler - Client 1 recebeu uma mensagem json: {"code":0,"name":null,"description":null,"requestTime":null}
2025-03-05 15:03:00 [main] INFO  o.e.u.common.AbstractMessageHandler - Client 1 enviou uma mensagem json: "QUANTITY"
2025-03-05 15:03:00 [Thread-1] INFO  o.e.u.common.AbstractMessageHandler - Proxy - Cliente recebeu uma mensagem json: "QUANTITY"
2025-03-05 15:03:00 [Thread-1] INFO  o.e.u.common.AbstractMessageHandler - Proxy - Servidor enviou uma mensagem json: "QUANTITY"
2025-03-05 15:03:00 [Thread-1] INFO  o.e.u.common.AbstractMessageHandler - Servidor Principal recebeu uma mensagem json: "QUANTITY"
2025-03-05 15:03:00 [Thread-1] INFO  o.e.u.common.AbstractMessageHandler - Proxy - Servidor recebeu uma mensagem texto: 0
2025-03-05 15:03:00 [Thread-1] INFO  o.e.u.common.AbstractMessageHandler - Servidor Principal enviou uma mensagem texto: 0
2025-03-05 15:03:00 [Thread-1] INFO  o.e.u.common.AbstractMessageHandler - Proxy - Cliente enviou uma mensagem texto: 0
2025-03-05 15:03:00 [main] INFO  o.e.u.common.AbstractMessageHandler - Client 1 recebeu uma mensagem texto: 0
2025-03-05 15:04:02 [Thread-1] INFO  o.e.u.common.AbstractMessageHandler - Proxy - Cliente recebeu uma mensagem json: "LIST"
2025-03-05 15:04:02 [Thread-1] INFO  o.e.u.common.AbstractMessageHandler - Proxy - Servidor enviou uma mensagem json: "LIST"
2025-03-05 15:04:02 [main] INFO  o.e.u.common.AbstractMessageHandler - Client 1 enviou uma mensagem json: "LIST"
2025-03-05 15:04:02 [Thread-1] INFO  o.e.u.common.AbstractMessageHandler - Servidor Principal recebeu uma mensagem json: "LIST"
2025-03-05 15:04:02 [Thread-1] INFO  o.e.u.common.AbstractMessageHandler - Servidor Principal enviou uma mensagem json: []
2025-03-05 15:04:02 [Thread-1] INFO  o.e.u.common.AbstractMessageHandler - Proxy - Servidor recebeu uma mensagem texto: []
2025-03-05 15:04:02 [Thread-1] INFO  o.e.u.common.AbstractMessageHandler - Proxy - Cliente enviou uma mensagem json: []
2025-03-05 15:04:02 [main] INFO  o.e.u.common.AbstractMessageHandler - Client 1 recebeu uma mensagem texto: []
2025-03-05 15:46:18 [main] INFO  o.e.u.common.AbstractMessageHandler - Client 1 enviou uma mensagem json: "DISCONECT"
2025-03-05 15:46:18 [main] INFO  org.example.client.Client - Client 1: Desconectado do Servidor Proxy.
2025-03-05 15:46:18 [main] INFO  o.e.u.common.AbstractMessageHandler - O Client 1 fechou o Fluxo de Dados com sucesso!
2025-03-05 15:46:18 [Thread-1] INFO  o.e.u.common.AbstractMessageHandler - Proxy - Cliente recebeu uma mensagem json: "DISCONECT"
2025-03-05 15:46:18 [Thread-1] INFO  o.e.u.common.AbstractMessageHandler - O Proxy - Cliente fechou o Fluxo de Dados com sucesso!
2025-03-05 15:46:18 [Thread-1] INFO  o.e.u.common.AbstractMessageHandler - Proxy - Servidor enviou uma mensagem json: "DISCONECT"
2025-03-05 15:46:18 [Thread-1] INFO  o.e.u.common.AbstractMessageHandler - O Proxy - Servidor fechou o Fluxo de Dados com sucesso!
2025-03-05 15:46:18 [Thread-1] INFO  o.e.u.common.AbstractMessageHandler - Servidor Principal recebeu uma mensagem json: "DISCONECT"
2025-03-05 15:46:18 [Thread-1] INFO  o.e.u.common.AbstractMessageHandler - O Servidor Principal fechou o Fluxo de Dados com sucesso!
