╔════════════════════════════════════════════════════════════════════╗

║ 2025-03-16 22:24:56 [Thread-2] [INFO] [o.e.u.common.AbstractMessageHandler] 

╠────────────────────────────────────────────────────────────────────╣

║ O Servidor X Proxy abriu o Fluxo de Dados com sucesso! 

╚════════════════════════════════════════════════════════════════════╝


╔════════════════════════════════════════════════════════════════════╗

║ 2025-03-16 22:24:56 [Thread-2] [INFO] [o.e.u.common.AbstractMessageHandler] 

╠────────────────────────────────────────────────────────────────────╣

║ Servidor X Proxy enviou uma mensagem json: ["SEARCH","REGISTER","LIST","UPDATE","REMOVE","QUANTITY","DISCONECT"] 

╚════════════════════════════════════════════════════════════════════╝


╔════════════════════════════════════════════════════════════════════╗

║ 2025-03-16 22:24:59 [Thread-4] [INFO] [o.e.u.common.AbstractMessageHandler] 

╠────────────────────────────────────────────────────────────────────╣

║ O Servidor X Proxy abriu o Fluxo de Dados com sucesso! 

╚════════════════════════════════════════════════════════════════════╝


╔════════════════════════════════════════════════════════════════════╗

║ 2025-03-16 22:24:59 [Thread-4] [INFO] [o.e.u.common.AbstractMessageHandler] 

╠────────────────────────────────────────────────────────────────────╣

║ Servidor X Proxy enviou uma mensagem json: ["SEARCH","REGISTER","LIST","UPDATE","REMOVE","QUANTITY","DISCONECT"] 

╚════════════════════════════════════════════════════════════════════╝


══════════════════════════════════╗

║ 2025-03-16 22:24:59 [main] [INFO] [o.e.u.common.AbstractMessageHandler] 

╠────────────────────────────────────────────────────────────────────╣

║ O Client 1 abriu o Fluxo de Dados com sucesso! 

╚════════════════════════════════════════════════════════════════════╝


╔════════════════════════════════════════════════════════════════════╗

║ 2025-03-16 22:24:59 [main] [INFO] [o.e.u.common.AbstractMessageHandler] 

╠────────────────────────────────────────────────────────────────────╣

║ Client 1 recebeu uma mensagem texto: ["SEARCH","REGISTER","LIST","UPDATE","REMOVE","QUANTITY","DISCONECT"] 

╚════════════════════════════════════════════════════════════════════╝


╝


╔════════════════════════════════════════════════════════════════════╗

║ 2025-03-16 22:24:56 [Thread-1] [INFO] [o.e.u.common.AbstractMessageHandler] 

╠────────────────────────────────────────────────────────────────────╣

║ Proxy1 & Servidor recebeu uma mensagem texto: ["SEARCH","REGISTER","LIST","UPDATE","REMOVE","QUANTITY","DISCONECT"] 

╚════════════════════════════════════════════════════════════════════╝


╔════════════════════════════════════════════════════════════════════╗

║ 2025-03-16 22:24:56 [Thread-1] [INFO] [o.e.u.common.AbstractMessageHandler] 

╠────────────────────────────────────────────────────────────────────╣

║ Proxy1 & Cliente enviou uma mensagem json: ["SEARCH","REGISTER","LIST","UPDATE","REMOVE","QUANTITY","DISCONECT"] 

╚════════════════════════════════════════════════════════════════════╝


╔════════════════════════════════════════════════════════════════════╗

║ 2025-03-16 22:24:59 [Thread-3] [INFO] [o.e.u.common.AbstractMessageHandler] 

╠────────────────────────────────────────────────────────────────────╣

║ O Proxy1 & Cliente abriu o Fluxo de Dados com sucesso! 

╚════════════════════════════════════════════════════════════════════╝


╔════════════════════════════════════════════════════════════════════╗

║ 2025-03-16 22:24:59 [Thread-3] [INFO] [o.e.u.common.AbstractMessageHandler] 

╠────────────────────────────────────────────────────────────────────╣

║ O Proxy1 & Servidor abriu o Fluxo de Dados com sucesso! 

╚════════════════════════════════════════════════════════════════════╝


╔════════════════════════════════════════════════════════════════════╗

║ 2025-03-16 22:24:59 [Thread-3] [INFO] [o.e.u.common.AbstractMessageHandler] 

╠────────────────────────────────────────────────────────────────────╣

║ Proxy1 & Servidor recebeu uma mensagem texto: ["SEARCH","REGISTER","LIST","UPDATE","REMOVE","QUANTITY","DISCONECT"] 

╚════════════════════════════════════════════════════════════════════╝


╔════════════════════════════════════════════════════════════════════╗

║ 2025-03-16 22:24:59 [Thread-3] [INFO] [o.e.u.common.AbstractMessageHandler] 

╠────────────────────────────────────────────────────────────────────╣

║ Proxy1 & Cliente enviou uma mensagem json: ["SEARCH","REGISTER","LIST","UPDATE","REMOVE","QUANTITY","DISCONECT"] 

╚════════════════════════════════════════════════════════════════════╝


╔════════════════════════════════════════════════════════════════════╗

║ 2025-03-16 22:25:27 [Thread-3] [ERROR] [o.e.u.common.AbstractMessageHandler] 

╠────────────────────────────────────────────────────────────────────╣

║ Erro ao desserializar JSON: java.net.SocketException: Connection reset 

╚════════════════════════════════════════════════════════════════════╝


╔════════════════════════════════════════════════════════════════════╗

║ 2025-03-16 22:25:27 [Thread-3] [INFO] [o.e.u.common.AbstractMessageHandler] 

╠────────────────────────────────────────────────────────────────────╣

║ O Proxy1 & Cliente fechou o Fluxo de Dados com sucesso! 

╚════════════════════════════════════════════════════════════════════╝


╔════════════════════════════════════════════════════════════════════╗

║ 2025-03-16 22:25:27 [Thread-3] [INFO] [o.e.u.common.AbstractMessageHandler] 

╠────────────────────────────────────────────────────────────────────╣

║ Proxy1 & Servidor enviou uma mensagem json: "DISCONECT" 

╚════════════════════════════════════════════════════════════════════╝


╔════════════════════════════════════════════════════════════════════╗

║ 2025-03-16 22:25:27 [Thread-3] [INFO] [o.e.u.common.AbstractMessageHandler] 

╠────────────────────────────────────────────────────────────────────╣

║ O Proxy1 & Servidor fechou o Fluxo de Dados com sucesso! 

╚════════════════════════════════════════════════════════════════════╝


