╔════════════════════════════════════════════════════════════════════╗

║ 2025-03-16 22:20:33 [main] [INFO] [org.example.client.Client] 

╠────────────────────────────────────────────────────────────────────╣

║ 
Cliente autenticado com sucesso! 

╚════════════════════════════════════════════════════════════════════╝


╔════════════════════════════════════════════════════════════════════╗

║ 2025-03-16 22:24:56 [main] [INFO] [org.example.client.Client] 

╠────────────────────────────────────────────────────────────────────╣

║ 
Cliente autenticado com sucesso! 

╚════════════════════════════════════════════════════════════════════╝


╔════════════════════════════════════════════════════════════════════╗

║ 2025-03-17 07:57:27 [main] [INFO] [org.example.client.Client] 

╠────────────────────────────────────────────────────────────────────╣

║ Não há servidores Proxy disponíveis no momento. Tente novamente mais tarde. 

╚════════════════════════════════════════════════════════════════════╝


╔════════════════════════════════════════════════════════════════════╗

║ 2025-03-17 07:58:18 [main] [INFO] [org.example.client.Client] 

╠────────────────────────────────────────────────────────────────────╣

║ 
Cliente autenticado com sucesso! 

╚════════════════════════════════════════════════════════════════════╝


╔════════════════════════════════════════════════════════════════════╗

║ 2025-03-17 08:09:04 [main] [INFO] [org.example.client.Client] 

╠────────────────────────────────────────────────────────────────────╣

║ 
Cliente autenticado com sucesso! 

╚════════════════════════════════════════════════════════════════════╝


╔════════════════════════════════════════════════════════════════════╗

║ 2025-03-17 08:23:38 [main] [INFO] [org.example.client.Client] 

╠────────────────────────────────────────────────────────────────────╣

║ 
Cliente autenticado com sucesso! 

╚════════════════════════════════════════════════════════════════════╝


╔════════════════════════════════════════════════════════════════════╗

║ 2025-03-17 09:04:30 [main] [INFO] [org.example.client.Client] 

╠────────────────────────────────────────────────────────────────────╣

║ 
Cliente autenticado com sucesso! 

╚════════════════════════════════════════════════════════════════════╝


╔════════════════════════════════════════════════════════════════════╗

║ 2025-03-17 09:08:11 [main] [INFO] [org.example.client.Client] 

╠────────────────────────────────────────────────────────────────────╣

║ Client 1: Desconectado do Servidor Proxy. 

╚════════════════════════════════════════════════════════════════════╝


╔════════════════════════════════════════════════════════════════════╗

║ 2025-03-17 09:09:00 [main] [ERROR] [org.example.client.Client] 

╠────────────────────────────────────────────────────────────────────╣

║ Houve um problema com o Proxy ou Servidor. Tentando reconectar... 

╚════════════════════════════════════════════════════════════════════╝


╔════════════════════════════════════════════════════════════════════╗

║ 2025-03-17 09:09:00 [main] [INFO] [org.example.client.Client] 

╠────────────────────────────────────────────────────────────────────╣

║ Procurando por um novo servidor Proxy... 

╚════════════════════════════════════════════════════════════════════╝


╔════════════════════════════════════════════════════════════════════╗

║ 2025-03-17 09:09:02 [main] [INFO] [org.example.client.Client] 

╠────────────────────────────────────────────────────────────────────╣

║ Conectando ao novo servidor Proxy... 

╚════════════════════════════════════════════════════════════════════╝


