╔════════════════════════════════════════════════════════════════════╗

║ 2025-03-15 15:21:41 [main] [ERROR] [o.e.u.c.AbstractSocketConnection] 

╠────────────────────────────────────────────────────────────────────╣

║ Erro ao conectar ao servidor: Connection refused: connect 

╚════════════════════════════════════════════════════════════════════╝


╔════════════════════════════════════════════════════════════════════╗

║ 2025-03-15 15:25:35 [main] [ERROR] [o.e.u.c.AbstractSocketConnection] 

╠────────────────────────────────────────────────────────────────────╣

║ Erro ao conectar ao servidor: Connection refused: connect 

╚════════════════════════════════════════════════════════════════════╝


╔════════════════════════════════════════════════════════════════════╗

║ 2025-03-15 15:25:35 [main] [ERROR] [org.example.client.Client] 

╠────────────────────────────────────────────────────────────────────╣

║ Erro ao tentar conectar ao Localizador: Cannot invoke "org.example.utils.common.AbstractMessageHandl%n║    er.sendTextMessage(String)" because "this.ioHandler" is null 

╚════════════════════════════════════════════════════════════════════╝


╔════════════════════════════════════════════════════════════════════╗

║ 2025-03-15 15:25:42 [main] [ERROR] [o.e.u.c.AbstractSocketConnection] 

╠────────────────────────────────────────────────────────────────────╣

║ Erro ao conectar ao servidor: Connection refused: connect 

╚════════════════════════════════════════════════════════════════════╝


╔════════════════════════════════════════════════════════════════════╗

║ 2025-03-15 15:25:42 [main] [ERROR] [org.example.client.Client] 

╠────────────────────────────────────────────────────────────────────╣

║ Erro ao tentar conectar ao Localizador: Cannot invoke "org.example.utils.common.AbstractMessageHandl%n║    er.sendTextMessage(String)" because "this.ioHandler" is null 

╚════════════════════════════════════════════════════════════════════╝


╔════════════════════════════════════════════════════════════════════╗

║ 2025-03-15 15:26:06 [main] [ERROR] [o.e.u.c.AbstractSocketConnection] 

╠────────────────────────────────────────────────────────────────────╣

║ Erro ao conectar ao servidor: Connection refused: connect 

╚════════════════════════════════════════════════════════════════════╝


╔════════════════════════════════════════════════════════════════════╗

║ 2025-03-15 15:26:06 [main] [ERROR] [org.example.client.Client] 

╠────────────────────────────────────────────────────────────────────╣

║ Erro ao tentar conectar ao Localizador: Cannot invoke "org.example.utils.common.AbstractMessageHandl%n║    er.sendTextMessage(String)" because "this.ioHandler" is null 

╚════════════════════════════════════════════════════════════════════╝


╔════════════════════════════════════════════════════════════════════╗

║ 2025-03-15 15:26:09 [main] [INFO] [org.example.locator.LocalizerServer] 

╠────────────────────────────────────────────────────────────────────╣

║ RMI criado com sucesso na porta: 14442 

╚════════════════════════════════════════════════════════════════════╝


╔════════════════════════════════════════════════════════════════════╗

║ 2025-03-15 15:26:09 [main] [INFO] [org.example.locator.LocalizerServer] 

╠────────────────────────────────────────────────────────────────────╣

║ Servidor Localizador - Aguardando um Proxy registrar-se... 

╚════════════════════════════════════════════════════════════════════╝


╔════════════════════════════════════════════════════════════════════╗

║ 2025-03-15 15:26:13 [main] [ERROR] [o.e.u.c.AbstractSocketConnection] 

╠────────────────────────────────────────────────────────────────────╣

║ Erro ao conectar ao servidor: Connection refused: connect 

╚════════════════════════════════════════════════════════════════════╝


╔════════════════════════════════════════════════════════════════════╗

║ 2025-03-15 15:26:13 [main] [ERROR] [org.example.client.Client] 

╠────────────────────────────────────────────────────────────────────╣

║ Erro ao tentar conectar ao Localizador: Cannot invoke "org.example.utils.common.AbstractMessageHandl%n║    er.sendTextMessage(String)" because "this.ioHandler" is null 

╚════════════════════════════════════════════════════════════════════╝


╔════════════════════════════════════════════════════════════════════╗

║ 2025-03-15 15:26:20 [main] [ERROR] [o.e.u.c.AbstractSocketConnection] 

╠────────────────────────────────────────────────────────────────────╣

║ Erro ao conectar ao servidor: Connection refused: connect 

╚════════════════════════════════════════════════════════════════════╝


╔════════════════════════════════════════════════════════════════════╗

║ 2025-03-15 15:26:20 [main] [ERROR] [org.example.client.Client] 

╠────────────────────────────────────────────────────────────────────╣

║ Erro ao tentar conectar ao Localizador: Cannot invoke "org.example.utils.common.AbstractMessageHandl%n║    er.sendTextMessage(String)" because "this.ioHandler" is null 

╚════════════════════════════════════════════════════════════════════╝


╔════════════════════════════════════════════════════════════════════╗

║ 2025-03-15 15:26:27 [main] [ERROR] [o.e.u.c.AbstractSocketConnection] 

╠────────────────────────────────────────────────────────────────────╣

║ Erro ao conectar ao servidor: Connection refused: connect 

╚════════════════════════════════════════════════════════════════════╝


╔════════════════════════════════════════════════════════════════════╗

║ 2025-03-15 15:26:27 [main] [ERROR] [org.example.client.Client] 

╠────────────────────────────────────────────────────────────────────╣

║ Erro ao tentar conectar ao Localizador: Cannot invoke "org.example.utils.common.AbstractMessageHandl%n║    er.sendTextMessage(String)" because "this.ioHandler" is null 

╚════════════════════════════════════════════════════════════════════╝


╔════════════════════════════════════════════════════════════════════╗

║ 2025-03-15 15:26:32 [main] [ERROR] [org.example.locator.LocalizerServer] 

╠────────────────────────────────────────────────────────────────────╣

║ Erro ao tentar criar o RMI no Servidor Localizador: Port already in use: 14442; nested exception is:%n║     
	java.net.BindException: Address already in use: bind 

╚════════════════════════════════════════════════════════════════════╝


╔════════════════════════════════════════════════════════════════════╗

║ 2025-03-15 15:26:32 [main] [ERROR] [org.example.locator.LocalizerServer] 

╠────────────────────────────────────────────────────────────────────╣

║ Erro ao tentar criar o RMI no Servidor Localizador! Tente novamente... 

╚════════════════════════════════════════════════════════════════════╝


╔════════════════════════════════════════════════════════════════════╗

║ 2025-03-15 15:26:34 [main] [ERROR] [o.e.u.c.AbstractSocketConnection] 

╠────────────────────────────────────────────────────────────────────╣

║ Erro ao conectar ao servidor: Connection refused: connect 

╚════════════════════════════════════════════════════════════════════╝


╔════════════════════════════════════════════════════════════════════╗

║ 2025-03-15 15:26:34 [main] [ERROR] [org.example.client.Client] 

╠────────────────────────────────────────────────────────────────────╣

║ Erro ao tentar conectar ao Localizador: Cannot invoke "org.example.utils.common.AbstractMessageHandl%n║    er.sendTextMessage(String)" because "this.ioHandler" is null 

╚════════════════════════════════════════════════════════════════════╝


╔════════════════════════════════════════════════════════════════════╗

║ 2025-03-15 15:26:41 [main] [ERROR] [o.e.u.c.AbstractSocketConnection] 

╠────────────────────────────────────────────────────────────────────╣

║ Erro ao conectar ao servidor: Connection refused: connect 

╚════════════════════════════════════════════════════════════════════╝


╔════════════════════════════════════════════════════════════════════╗

║ 2025-03-15 15:26:41 [main] [ERROR] [org.example.client.Client] 

╠────────────────────────────────────────────────────────────────────╣

║ Erro ao tentar conectar ao Localizador: Cannot invoke "org.example.utils.common.AbstractMessageHandl%n║    er.sendTextMessage(String)" because "this.ioHandler" is null 

╚════════════════════════════════════════════════════════════════════╝


╔════════════════════════════════════════════════════════════════════╗

║ 2025-03-15 15:26:43 [RMI TCP Connection(2)-26.97.230.179] [INFO] [org.example.locator.LocalizerServer] 

╠────────────────────────────────────────────────────────────────────╣

║ Proxy0 registrado com sucesso! 

╚════════════════════════════════════════════════════════════════════╝


╔════════════════════════════════════════════════════════════════════╗

║ 2025-03-15 15:26:43 [RMI TCP Connection(2)-26.97.230.179] [INFO] [org.example.locator.LocalizerServer] 

╠────────────────────────────────────────────────────────────────────╣

║ Métodos do Proxy0 no RMI pegos com sucesso! 

╚════════════════════════════════════════════════════════════════════╝


╔════════════════════════════════════════════════════════════════════╗

║ 2025-03-15 15:26:44 [main] [INFO] [org.example.locator.LocalizerServer] 

╠────────────────────────────────────────────────────────────────────╣

║ Servidor Localizador rodando na porta: 14441 e no host: 26.97.230.179 

╚════════════════════════════════════════════════════════════════════╝


╔════════════════════════════════════════════════════════════════════╗

║ 2025-03-15 15:26:44 [main] [INFO] [org.example.locator.LocalizerServer] 

╠────────────────────────────────────────────────────────────────────╣

║ Servidor Aguardando conexão de um Cliente... 

╚════════════════════════════════════════════════════════════════════╝


╔════════════════════════════════════════════════════════════════════╗

║ 2025-03-15 15:26:46 [main] [INFO] [org.example.locator.LocalizerServer] 

╠────────────────────────────────────────────────────────────────────╣

║ Servidor Aguardando conexão de um Cliente... 

╚════════════════════════════════════════════════════════════════════╝


╔════════════════════════════════════════════════════════════════════╗

║ 2025-03-15 15:26:46 [main] [INFO] [o.e.u.c.AbstractSocketConnection] 

╠────────────────────────────────────────────────────────────────────╣

║ Client 1 conectado a 26.97.230.179:14441 

╚════════════════════════════════════════════════════════════════════╝


╔════════════════════════════════════════════════════════════════════╗

║ 2025-03-15 15:26:46 [Thread-1] [INFO] [o.e.u.c.AbstractSocketConnection] 

╠────────────────────────────────────────────────────────────────────╣

║ Localizador conectado a 26.97.230.179:64056 

╚════════════════════════════════════════════════════════════════════╝


╔════════════════════════════════════════════════════════════════════╗

║ 2025-03-15 15:26:46 [main] [INFO] [o.e.u.common.AbstractMessageHandler] 

╠────────────────────────────────────────────────────────────────────╣

║ O Client 1 abriu o Fluxo de Dados com sucesso! 

╚════════════════════════════════════════════════════════════════════╝


╔════════════════════════════════════════════════════════════════════╗

║ 2025-03-15 15:26:46 [main] [INFO] [o.e.u.common.AbstractMessageHandler] 

╠────────────────────────────────────────────────────────────────────╣

║ Client 1 enviou uma mensagem texto: GET_PROXY 

╚════════════════════════════════════════════════════════════════════╝


╔════════════════════════════════════════════════════════════════════╗

║ 2025-03-15 15:26:46 [Thread-1] [INFO] [o.e.u.common.AbstractMessageHandler] 

╠────────────────────────────────────────────────────────────────────╣

║ O Localizador abriu o Fluxo de Dados com sucesso! 

╚════════════════════════════════════════════════════════════════════╝


╔════════════════════════════════════════════════════════════════════╗

║ 2025-03-15 15:26:46 [Thread-1] [INFO] [o.e.u.common.AbstractMessageHandler] 

╠────────────────────────────────────────────────────────────────────╣

║ Localizador recebeu uma mensagem texto: GET_PROXY 

╚════════════════════════════════════════════════════════════════════╝


╔════════════════════════════════════════════════════════════════════╗

║ 2025-03-15 15:26:46 [main] [INFO] [o.e.u.common.AbstractMessageHandler] 

╠────────────────────────────────────────────────────────────────────╣

║ Client 1 recebeu uma mensagem json: Problem na mensagem enviada! 

╚════════════════════════════════════════════════════════════════════╝


╔════════════════════════════════════════════════════════════════════╗

║ 2025-03-15 15:26:46 [Thread-1] [INFO] [o.e.u.common.AbstractMessageHandler] 

╠────────────────────────────────────────────────────────────────────╣

║ O Localizador fechou o Fluxo de Dados com sucesso! 

╚════════════════════════════════════════════════════════════════════╝


╔════════════════════════════════════════════════════════════════════╗

║ 2025-03-15 15:26:47 [main] [ERROR] [o.e.u.common.AbstractMessageHandler] 

╠────────────────────────────────────────────────────────────────────╣

║ Erro ao desserializar JSON: com.fasterxml.jackson.core.JsonParseException: Unrecognized token 'Probl%n║    em': was expecting (JSON String, Number, Array, Object or token 'null', 'true' or 'false')
 at [Source: (String)"Problem na mensagem enviada!"; line: 1, column: 8] 

╚════════════════════════════════════════════════════════════════════╝


╔════════════════════════════════════════════════════════════════════╗

║ 2025-03-15 15:26:47 [main] [INFO] [o.e.u.common.AbstractMessageHandler] 

╠────────────────────────────────────────────────────────────────────╣

║ O Client 1 fechou o Fluxo de Dados com sucesso! 

╚════════════════════════════════════════════════════════════════════╝


╔════════════════════════════════════════════════════════════════════╗

║ 2025-03-15 15:37:36 [main] [ERROR] [o.e.u.c.AbstractSocketConnection] 

╠────────────────────────────────────────────────────────────────────╣

║ Erro ao conectar ao servidor: Connection refused: connect 

╚════════════════════════════════════════════════════════════════════╝


╔════════════════════════════════════════════════════════════════════╗

║ 2025-03-15 15:37:38 [main] [ERROR] [o.e.u.c.AbstractSocketConnection] 

╠────────────────────────────────────────────────────────────────────╣

║ Erro ao conectar ao servidor: Connection refused: connect 

╚════════════════════════════════════════════════════════════════════╝


╔════════════════════════════════════════════════════════════════════╗

║ 2025-03-15 15:37:40 [main] [ERROR] [o.e.u.c.AbstractSocketConnection] 

╠────────────────────────────────────────────────────────────────────╣

║ Erro ao conectar ao servidor: Connection refused: connect 

╚════════════════════════════════════════════════════════════════════╝


╔════════════════════════════════════════════════════════════════════╗

║ 2025-03-15 15:38:11 [main] [ERROR] [o.e.u.c.AbstractSocketConnection] 

╠────────────────────────────────────────────────────────────────────╣

║ Erro ao conectar ao servidor: Connection refused: connect 

╚════════════════════════════════════════════════════════════════════╝


╔════════════════════════════════════════════════════════════════════╗

║ 2025-03-15 15:38:13 [main] [ERROR] [o.e.u.c.AbstractSocketConnection] 

╠────────────────────────────────────────────────────────────────────╣

║ Erro ao conectar ao servidor: Connection refused: connect 

╚════════════════════════════════════════════════════════════════════╝


╔════════════════════════════════════════════════════════════════════╗

║ 2025-03-15 15:38:15 [main] [ERROR] [o.e.u.c.AbstractSocketConnection] 

╠────────────────────────────────────────────────────────────────────╣

║ Erro ao conectar ao servidor: Connection refused: connect 

╚════════════════════════════════════════════════════════════════════╝


╔════════════════════════════════════════════════════════════════════╗

║ 2025-03-15 15:38:17 [main] [ERROR] [o.e.u.c.AbstractSocketConnection] 

╠────────────────────────────────────────────────────────────────────╣

║ Erro ao conectar ao servidor: Connection refused: connect 

╚════════════════════════════════════════════════════════════════════╝


╔════════════════════════════════════════════════════════════════════╗

║ 2025-03-15 15:38:19 [main] [ERROR] [o.e.u.c.AbstractSocketConnection] 

╠────────────────────────────────────────────────────────────────────╣

║ Erro ao conectar ao servidor: Connection refused: connect 

╚════════════════════════════════════════════════════════════════════╝


╔════════════════════════════════════════════════════════════════════╗

║ 2025-03-15 15:38:21 [main] [ERROR] [o.e.u.c.AbstractSocketConnection] 

╠────────────────────────────────────────────────────────────────────╣

║ Erro ao conectar ao servidor: Connection refused: connect 

╚════════════════════════════════════════════════════════════════════╝


╔════════════════════════════════════════════════════════════════════╗

║ 2025-03-15 15:38:23 [main] [INFO] [org.example.locator.LocalizerServer] 

╠────────────────────────────────────────────────────────────────────╣

║ RMI criado com sucesso na porta: 14442 

╚════════════════════════════════════════════════════════════════════╝


╔════════════════════════════════════════════════════════════════════╗

║ 2025-03-15 15:38:23 [main] [INFO] [org.example.locator.LocalizerServer] 

╠────────────────────────────────────────────────────────────────────╣

║ Servidor Localizador rodando na porta: 14441 e no host: 26.97.230.179 

╚════════════════════════════════════════════════════════════════════╝


╔════════════════════════════════════════════════════════════════════╗

║ 2025-03-15 15:38:23 [main] [INFO] [org.example.locator.LocalizerServer] 

╠────────────────────────────────────────────────────────────────────╣

║ Servidor Aguardando conexão de um Cliente... 

╚════════════════════════════════════════════════════════════════════╝


╔════════════════════════════════════════════════════════════════════╗

║ 2025-03-15 15:38:23 [main] [INFO] [org.example.locator.LocalizerServer] 

╠────────────────────────────────────────────────────────────────────╣

║ Servidor Aguardando conexão de um Cliente... 

╚════════════════════════════════════════════════════════════════════╝


╔════════════════════════════════════════════════════════════════════╗

║ 2025-03-15 15:38:23 [main] [INFO] [o.e.u.c.AbstractSocketConnection] 

╠────────────────────────────────────────────────────────────────────╣

║ Client 1 conectado a 26.97.230.179:14441 

╚════════════════════════════════════════════════════════════════════╝


╔════════════════════════════════════════════════════════════════════╗

║ 2025-03-15 15:38:23 [Thread-1] [INFO] [o.e.u.c.AbstractSocketConnection] 

╠────────────────────────────────────────────────────────────────────╣

║ Localizador conectado a 26.97.230.179:64167 

╚════════════════════════════════════════════════════════════════════╝


╔════════════════════════════════════════════════════════════════════╗

║ 2025-03-15 15:38:23 [main] [INFO] [o.e.u.common.AbstractMessageHandler] 

╠────────────────────────────────────────────────────────────────────╣

║ O Client 1 abriu o Fluxo de Dados com sucesso! 

╚════════════════════════════════════════════════════════════════════╝


╔════════════════════════════════════════════════════════════════════╗

║ 2025-03-15 15:38:23 [main] [INFO] [o.e.u.common.AbstractMessageHandler] 

╠────────────────────────────────────────────────────────────────────╣

║ Client 1 enviou uma mensagem texto: GET_PROXY 

╚════════════════════════════════════════════════════════════════════╝


╔════════════════════════════════════════════════════════════════════╗

║ 2025-03-15 15:38:23 [RMI TCP Connection(2)-26.97.230.179] [INFO] [org.example.locator.LocalizerServer] 

╠────────────────────────────────────────────────────────────────────╣

║ Proxy0 registrado com sucesso! 

╚════════════════════════════════════════════════════════════════════╝


╔════════════════════════════════════════════════════════════════════╗

║ 2025-03-15 15:38:23 [Thread-1] [INFO] [o.e.u.common.AbstractMessageHandler] 

╠────────────────────────────────────────────────────────────────────╣

║ O Localizador abriu o Fluxo de Dados com sucesso! 

╚════════════════════════════════════════════════════════════════════╝


╔════════════════════════════════════════════════════════════════════╗

║ 2025-03-15 15:38:23 [Thread-1] [INFO] [o.e.u.common.AbstractMessageHandler] 

╠────────────────────────────────────────────────────────────────────╣

║ Localizador recebeu uma mensagem texto: GET_PROXY 

╚════════════════════════════════════════════════════════════════════╝


╔════════════════════════════════════════════════════════════════════╗

║ 2025-03-15 15:38:23 [RMI TCP Connection(2)-26.97.230.179] [INFO] [org.example.locator.LocalizerServer] 

╠────────────────────────────────────────────────────────────────────╣

║ Métodos do Proxy0 no RMI pegos com sucesso! 

╚════════════════════════════════════════════════════════════════════╝


╔════════════════════════════════════════════════════════════════════╗

║ 2025-03-15 15:38:23 [Thread-1] [INFO] [o.e.u.common.AbstractMessageHandler] 

╠────────────────────────────────────────────────────────────────────╣

║ Localizador enviou uma mensagem json: {"name":null,"host":null,"port":0,"portRMI":0} 

╚════════════════════════════════════════════════════════════════════╝


╔════════════════════════════════════════════════════════════════════╗

║ 2025-03-15 15:38:23 [main] [INFO] [o.e.u.common.AbstractMessageHandler] 

╠────────────────────────────────────────────────────────────────────╣

║ Client 1 recebeu uma mensagem json: {"name":null,"host":null,"port":0,"portRMI":0} 

╚════════════════════════════════════════════════════════════════════╝


╔════════════════════════════════════════════════════════════════════╗

║ 2025-03-15 15:38:23 [Thread-1] [INFO] [o.e.u.common.AbstractMessageHandler] 

╠────────────────────────────────────────────────────────────────────╣

║ O Localizador fechou o Fluxo de Dados com sucesso! 

╚════════════════════════════════════════════════════════════════════╝


╔════════════════════════════════════════════════════════════════════╗

║ 2025-03-15 15:38:23 [main] [INFO] [o.e.u.common.AbstractMessageHandler] 

╠────────────────────────────────────────────────────────────────────╣

║ O Client 1 fechou o Fluxo de Dados com sucesso! 

╚════════════════════════════════════════════════════════════════════╝


╔════════════════════════════════════════════════════════════════════╗

║ 2025-03-15 15:38:44 [main] [ERROR] [o.e.u.c.AbstractSocketConnection] 

╠────────────────────────────────────────────────────────────────────╣

║ Erro ao conectar ao servidor: Cannot assign requested address: connect 

╚════════════════════════════════════════════════════════════════════╝


╔════════════════════════════════════════════════════════════════════╗

║ 2025-03-15 15:38:44 [main] [ERROR] [org.example.client.Client] 

╠────────────────────────────────────────────────────────────────────╣

║ Não foi possível conectar ao Servidor Proxy. 

╚════════════════════════════════════════════════════════════════════╝


╔════════════════════════════════════════════════════════════════════╗

║ 2025-03-15 15:39:54 [main] [INFO] [org.example.locator.LocalizerServer] 

╠────────────────────────────────────────────────────────────────────╣

║ RMI criado com sucesso na porta: 14442 

╚════════════════════════════════════════════════════════════════════╝


╔════════════════════════════════════════════════════════════════════╗

║ 2025-03-15 15:39:54 [main] [INFO] [org.example.locator.LocalizerServer] 

╠────────────────────────────────────────────────────────────────────╣

║ Servidor Localizador rodando na porta: 14441 e no host: 26.97.230.179 

╚════════════════════════════════════════════════════════════════════╝


╔════════════════════════════════════════════════════════════════════╗

║ 2025-03-15 15:39:54 [main] [INFO] [org.example.locator.LocalizerServer] 

╠────────────────────────────────────────────────────────────────────╣

║ Servidor Aguardando conexão de um Cliente... 

╚════════════════════════════════════════════════════════════════════╝


╔════════════════════════════════════════════════════════════════════╗

║ 2025-03-15 15:40:04 [main] [INFO] [org.example.locator.LocalizerServer] 

╠────────────────────────────────────────────────────────────────────╣

║ Servidor Aguardando conexão de um Cliente... 

╚════════════════════════════════════════════════════════════════════╝


╔════════════════════════════════════════════════════════════════════╗

║ 2025-03-15 15:40:04 [Thread-1] [INFO] [o.e.u.c.AbstractSocketConnection] 

╠────────────────────────────────────────────────────────────────────╣

║ Localizador conectado a 26.97.230.179:64185 

╚════════════════════════════════════════════════════════════════════╝


╔════════════════════════════════════════════════════════════════════╗

║ 2025-03-15 15:40:04 [Thread-1] [INFO] [o.e.u.common.AbstractMessageHandler] 

╠────────────────────────────────────────────────────────────────────╣

║ O Localizador abriu o Fluxo de Dados com sucesso! 

╚════════════════════════════════════════════════════════════════════╝


╔════════════════════════════════════════════════════════════════════╗

║ 2025-03-15 15:40:04 [main] [INFO] [o.e.u.c.AbstractSocketConnection] 

╠────────────────────────────────────────────────────────────────────╣

║ Client 1 conectado a 26.97.230.179:14441 

╚════════════════════════════════════════════════════════════════════╝


╔════════════════════════════════════════════════════════════════════╗

║ 2025-03-15 15:40:04 [main] [INFO] [o.e.u.common.AbstractMessageHandler] 

╠────────────────────────────────────────────────────────────────────╣

║ O Client 1 abriu o Fluxo de Dados com sucesso! 

╚════════════════════════════════════════════════════════════════════╝


╔════════════════════════════════════════════════════════════════════╗

║ 2025-03-15 15:40:04 [main] [INFO] [o.e.u.common.AbstractMessageHandler] 

╠────────────────────────────────────────────────────────────────────╣

║ Client 1 enviou uma mensagem texto: GET_PROXY 

╚════════════════════════════════════════════════════════════════════╝


╔════════════════════════════════════════════════════════════════════╗

║ 2025-03-15 15:40:04 [Thread-1] [INFO] [o.e.u.common.AbstractMessageHandler] 

╠────────────────────────────────────────────────────────────────────╣

║ Localizador recebeu uma mensagem texto: GET_PROXY 

╚════════════════════════════════════════════════════════════════════╝


╔════════════════════════════════════════════════════════════════════╗

║ 2025-03-15 15:40:04 [Thread-1] [INFO] [o.e.u.common.AbstractMessageHandler] 

╠────────────────────────────────────────────────────────────────────╣

║ Localizador enviou uma mensagem json: {"name":null,"host":null,"port":0,"portRMI":0} 

╚════════════════════════════════════════════════════════════════════╝


╔════════════════════════════════════════════════════════════════════╗

║ 2025-03-15 15:40:04 [main] [INFO] [o.e.u.common.AbstractMessageHandler] 

╠────────────────────────────────────────────────────────────────────╣

║ Client 1 recebeu uma mensagem json: {"name":null,"host":null,"port":0,"portRMI":0} 

╚════════════════════════════════════════════════════════════════════╝


╔════════════════════════════════════════════════════════════════════╗

║ 2025-03-15 15:40:04 [Thread-1] [INFO] [o.e.u.common.AbstractMessageHandler] 

╠────────────────────────────────────────────────────────────────────╣

║ O Localizador fechou o Fluxo de Dados com sucesso! 

╚════════════════════════════════════════════════════════════════════╝


╔════════════════════════════════════════════════════════════════════╗

║ 2025-03-15 15:40:04 [main] [INFO] [o.e.u.common.AbstractMessageHandler] 

╠────────────────────────────────────────────────────────────────────╣

║ O Client 1 fechou o Fluxo de Dados com sucesso! 

╚════════════════════════════════════════════════════════════════════╝


╔════════════════════════════════════════════════════════════════════╗

║ 2025-03-15 15:40:14 [main] [ERROR] [o.e.u.c.AbstractSocketConnection] 

╠────────────────────────────────────────────────────────────────────╣

║ Erro ao conectar ao servidor: Cannot assign requested address: connect 

╚════════════════════════════════════════════════════════════════════╝


╔════════════════════════════════════════════════════════════════════╗

║ 2025-03-15 15:40:14 [main] [ERROR] [org.example.client.Client] 

╠────────────────────────────────────────────────────────────────────╣

║ Não foi possível conectar ao Servidor Proxy. 

╚════════════════════════════════════════════════════════════════════╝


╔════════════════════════════════════════════════════════════════════╗

║ 2025-03-15 15:40:32 [main] [ERROR] [o.e.u.c.AbstractSocketConnection] 

╠────────────────────────────────────────────────────────────────────╣

║ Erro ao conectar ao servidor: Cannot assign requested address: connect 

╚════════════════════════════════════════════════════════════════════╝


╔════════════════════════════════════════════════════════════════════╗

║ 2025-03-15 15:40:32 [main] [ERROR] [org.example.client.Client] 

╠────────────────────────────────────────────────────────────────────╣

║ Não foi possível conectar ao Servidor Proxy. 

╚════════════════════════════════════════════════════════════════════╝


