╔════════════════════════════════════════════════════════════════════╗

║ 2025-03-16 22:24:36 [main] [INFO] [org.example.locator.LocalizerServer] 

╠────────────────────────────────────────────────────────────────────╣

║ RMI criado com sucesso na porta: 14442 

╚════════════════════════════════════════════════════════════════════╝


╔════════════════════════════════════════════════════════════════════╗

║ 2025-03-16 22:24:36 [main] [INFO] [org.example.locator.LocalizerServer] 

╠────────────────────────────────────────────────────────────────────╣

║ Servidor Localizador rodando na porta: 14441 e no host: 26.97.230.179 

╚════════════════════════════════════════════════════════════════════╝


╔════════════════════════════════════════════════════════════════════╗

║ 2025-03-16 22:24:36 [main] [INFO] [org.example.locator.LocalizerServer] 

╠────────────────────────────────────────────────────────────────────╣

║ Digite 'stop' para encerrar o Servidor Localizador:  

╚════════════════════════════════════════════════════════════════════╝


╔════════════════════════════════════════════════════════════════════╗

║ 2025-03-16 22:24:36 [main] [INFO] [org.example.locator.LocalizerServer] 

╠────────────────────────────────────────────────────────────────────╣

║ Servidor Aguardando conexão de um Cliente... 

╚════════════════════════════════════════════════════════════════════╝


╔════════════════════════════════════════════════════════════════════╗

║ 2025-03-16 22:24:40 [RMI TCP Connection(2)-26.97.230.179] [INFO] [org.example.locator.LocalizerServer] 

╠────────────────────────────────────────────────────────────────────╣

║ Proxy Proxy1 registrado com sucesso! 

╚════════════════════════════════════════════════════════════════════╝


╔════════════════════════════════════════════════════════════════════╗

║ 2025-03-16 22:24:40 [RMI TCP Connection(2)-26.97.230.179] [INFO] [org.example.locator.LocalizerServer] 

╠────────────────────────────────────────────────────────────────────╣

║ Métodos do Proxy1 no RMI registrados com sucesso! 

╚════════════════════════════════════════════════════════════════════╝


╔════════════════════════════════════════════════════════════════════╗

║ 2025-03-16 22:24:40 [RMI TCP Connection(2)-26.97.230.179] [INFO] [org.example.locator.LocalizerServer] 

╠────────────────────────────────────────────────────────────────────╣

║ Porta RMI 15553 fornecida para o Proxy1 com sucesso! 

╚════════════════════════════════════════════════════════════════════╝


╔════════════════════════════════════════════════════════════════════╗

║ 2025-03-16 22:24:40 [RMI TCP Connection(2)-26.97.230.179] [INFO] [org.example.locator.LocalizerServer] 

╠────────────────────────────────────────────────────────────────────╣

║ Proxys Conectados:
  Porta: 15552 -> [Proxy1] Status: Ativo, Clientes: 0
 

╚════════════════════════════════════════════════════════════════════╝


╔════════════════════════════════════════════════════════════════════╗

║ 2025-03-16 22:24:41 [RMI TCP Connection(4)-26.97.230.179] [INFO] [org.example.locator.LocalizerServer] 

╠────────────────────────────────────────────────────────────────────╣

║ Proxy Proxy0 registrado com sucesso! 

╚════════════════════════════════════════════════════════════════════╝


╔════════════════════════════════════════════════════════════════════╗

║ 2025-03-16 22:24:41 [RMI TCP Connection(4)-26.97.230.179] [INFO] [org.example.locator.LocalizerServer] 

╠────────────────────────────────────────────────────────────────────╣

║ Métodos do Proxy0 no RMI registrados com sucesso! 

╚════════════════════════════════════════════════════════════════════╝


╔════════════════════════════════════════════════════════════════════╗

║ 2025-03-16 22:24:41 [RMI TCP Connection(4)-26.97.230.179] [INFO] [org.example.locator.LocalizerServer] 

╠────────────────────────────────────────────────────────────────────╣

║ Porta RMI 15551 fornecida para o Proxy0 com sucesso! 

╚════════════════════════════════════════════════════════════════════╝


╔════════════════════════════════════════════════════════════════════╗

║ 2025-03-16 22:24:41 [RMI TCP Connection(4)-26.97.230.179] [INFO] [org.example.locator.LocalizerServer] 

╠────────────────────────────────────────────────────────────────────╣

║ Porta RMI 15553 fornecida para o Proxy1 com sucesso! 

╚════════════════════════════════════════════════════════════════════╝


╔════════════════════════════════════════════════════════════════════╗

║ 2025-03-16 22:24:41 [RMI TCP Connection(4)-26.97.230.179] [INFO] [org.example.locator.LocalizerServer] 

╠────────────────────────────────────────────────────────────────────╣

║ Proxys Conectados:
  Porta: 15552 -> [Proxy1] Status: Ativo, Clientes: 0
  Porta: 15550 -> [Proxy0] Status: Ativo, Clientes: 0
 

╚════════════════════════════════════════════════════════════════════╝


╔════════════════════════════════════════════════════════════════════╗

║ 2025-03-16 22:24:45 [main] [INFO] [org.example.locator.LocalizerServer] 

╠────────────────────────────────────────────────────────────────────╣

║ Servidor Aguardando conexão de um Cliente... 

╚════════════════════════════════════════════════════════════════════╝


╔════════════════════════════════════════════════════════════════════╗

║ 2025-03-16 22:24:45 [Thread-1] [INFO] [org.example.locator.LocalizerServer] 

╠────────────────────────────────────────────────────────────────────╣

║ Proxys Conectados:
  Porta: 15552 -> [Proxy1] Status: Ativo, Clientes: 0
  Porta: 15550 -> [Proxy0] Status: Ativo, Clientes: 0
 

╚════════════════════════════════════════════════════════════════════╝


╔════════════════════════════════════════════════════════════════════╗

║ 2025-03-16 22:24:45 [Thread-1] [INFO] [org.example.locator.LocalizerServer] 

╠────────────────────────────────────────────────────────────────────╣

║ Proxy escolhido: Proxy1 com 1 clientes conectados! 

╚════════════════════════════════════════════════════════════════════╝


╔════════════════════════════════════════════════════════════════════╗

║ 2025-03-16 22:24:47 [main] [INFO] [org.example.locator.LocalizerServer] 

╠────────────────────────────────────────────────────────────────────╣

║ Servidor Aguardando conexão de um Cliente... 

╚════════════════════════════════════════════════════════════════════╝


╔════════════════════════════════════════════════════════════════════╗

║ 2025-03-16 22:24:47 [Thread-3] [INFO] [org.example.locator.LocalizerServer] 

╠────────────────────────────────────────────────────────────────────╣

║ Proxys Conectados:
  Porta: 15552 -> [Proxy1] Status: Ativo, Clientes: 0
  Porta: 15550 -> [Proxy0] Status: Ativo, Clientes: 0
 

╚════════════════════════════════════════════════════════════════════╝


╔════════════════════════════════════════════════════════════════════╗

║ 2025-03-16 22:24:47 [Thread-3] [INFO] [org.example.locator.LocalizerServer] 

╠────────────────────────────────────────────────────────────────────╣

║ Proxy escolhido: Proxy1 com 1 clientes conectados! 

╚════════════════════════════════════════════════════════════════════╝


