╔════════════════════════════════════════════════════════════════════╗

║ 2025-03-15 15:39:54 [main] [INFO] [org.example.locator.LocalizerServer] 

╠────────────────────────────────────────────────────────────────────╣

║ RMI criado com sucesso na porta: 14442 

╚════════════════════════════════════════════════════════════════════╝


╔════════════════════════════════════════════════════════════════════╗

║ 2025-03-15 15:39:54 [main] [INFO] [org.example.locator.LocalizerServer] 

╠────────────────────────────────────────────────────────────────────╣

║ Servidor Localizador rodando na porta: 14441 e no host: 26.97.230.179 

╚════════════════════════════════════════════════════════════════════╝


╔════════════════════════════════════════════════════════════════════╗

║ 2025-03-15 15:39:54 [main] [INFO] [org.example.locator.LocalizerServer] 

╠────────────────────────────────────────────────────────────────────╣

║ Servidor Aguardando conexão de um Cliente... 

╚════════════════════════════════════════════════════════════════════╝


╔════════════════════════════════════════════════════════════════════╗

║ 2025-03-15 15:40:04 [main] [INFO] [org.example.locator.LocalizerServer] 

╠────────────────────────────────────────────────────────────────────╣

║ Servidor Aguardando conexão de um Cliente... 

╚════════════════════════════════════════════════════════════════════╝


