╔════════════════════════════════════════════════════════════════════╗

║ 2025-03-18 14:00:35 [main] [INFO] [org.example.server.Server] 

╠────────────────────────────────────────────────────────────────────╣

║ Conectado ao Servidor de Backup! 

╚════════════════════════════════════════════════════════════════════╝


╔════════════════════════════════════════════════════════════════════╗

║ 2025-03-18 14:00:35 [main] [INFO] [org.example.server.Server] 

╠────────────────────────────────────────────────────────────────────╣

║ Servidor Principal rodando na porta: 16660 

╚════════════════════════════════════════════════════════════════════╝


╔════════════════════════════════════════════════════════════════════╗

║ 2025-03-18 14:00:35 [main] [INFO] [org.example.server.Server] 

╠────────────────────────────────────────────────────────────────────╣

║ Digite 'stop' a qualquer momento para encerrar o Servidor ServerMain! 

╚════════════════════════════════════════════════════════════════════╝


╔════════════════════════════════════════════════════════════════════╗

║ 2025-03-18 14:00:35 [main] [INFO] [org.example.server.Server] 

╠────────────────────────────────────────────────────────────────────╣

║ Servidor Principal Aguardando conexão de um Cliente... 

╚════════════════════════════════════════════════════════════════════╝


╔════════════════════════════════════════════════════════════════════╗

║ 2025-03-18 14:00:35 [Thread-0] [INFO] [org.example.server.Server] 

╠────────────────────────────────────────────────────────────────────╣

║ Dados sincronizados com o Servidor de Backup! 

╚════════════════════════════════════════════════════════════════════╝


╔════════════════════════════════════════════════════════════════════╗

║ 2025-03-18 14:02:56 [Thread-2] [INFO] [org.example.server.Server] 

╠────────────────────────────────────────────────────────────────────╣

║ Menu do Servidor enviado ao Cliente com sucesso! 

╚════════════════════════════════════════════════════════════════════╝


╔════════════════════════════════════════════════════════════════════╗

║ 2025-03-18 14:02:58 [Thread-2] [INFO] [org.example.server.Server] 

╠────────────────────────────────────────────────────────────────────╣

║ Os dados foram encontrados e enviados: [#5] Nome5 - Descrição5 @ 14:00 

╚════════════════════════════════════════════════════════════════════╝


╔════════════════════════════════════════════════════════════════════╗

║ 2025-03-18 14:03:16 [Thread-2] [INFO] [org.example.server.Server] 

╠────────────────────────────────────────────────────────────────────╣

║ Dado removido com sucesso: 4 

╚════════════════════════════════════════════════════════════════════╝


╔════════════════════════════════════════════════════════════════════╗

║ 2025-03-18 14:04:08 [Thread-3] [INFO] [org.example.server.Server] 

╠────────────────────────────────────────────────────────────────────╣

║ Menu do Servidor enviado ao Cliente com sucesso! 

╚════════════════════════════════════════════════════════════════════╝


╔════════════════════════════════════════════════════════════════════╗

║ 2025-03-18 14:04:17 [Thread-3] [WARN] [org.example.server.Server] 

╠────────────────────────────────────────────────────────────────────╣

║ Os dados não foram encontrados na base de dados! 

╚════════════════════════════════════════════════════════════════════╝


